C:\Users\ACTIVANTS64\source\repos\angular2\angular2\src\app\app.component.js
C:\Users\ACTIVANTS64\source\repos\angular2\angular2\src\app\app.component.js.map
C:\Users\ACTIVANTS64\source\repos\angular2\angular2\src\app\employee\app.employee.js
C:\Users\ACTIVANTS64\source\repos\angular2\angular2\src\app\employee\app.employee.js.map
C:\Users\ACTIVANTS64\source\repos\angular2\angular2\src\app\student\student.component.js
C:\Users\ACTIVANTS64\source\repos\angular2\angular2\src\app\student\student.component.js.map
C:\Users\ACTIVANTS64\source\repos\angular2\angular2\src\app\student\student.pipe.js
C:\Users\ACTIVANTS64\source\repos\angular2\angular2\src\app\student\student.pipe.js.map
C:\Users\ACTIVANTS64\source\repos\angular2\angular2\src\app\Interface\child.js
C:\Users\ACTIVANTS64\source\repos\angular2\angular2\src\app\Interface\child.js.map
C:\Users\ACTIVANTS64\source\repos\angular2\angular2\src\app\Service\app.service.js
C:\Users\ACTIVANTS64\source\repos\angular2\angular2\src\app\Service\app.service.js.map
C:\Users\ACTIVANTS64\source\repos\angular2\angular2\src\app\Child\child.component.js
C:\Users\ACTIVANTS64\source\repos\angular2\angular2\src\app\Child\child.component.js.map
C:\Users\ACTIVANTS64\source\repos\angular2\angular2\src\app\Parent\parent.component.js
C:\Users\ACTIVANTS64\source\repos\angular2\angular2\src\app\Parent\parent.component.js.map
C:\Users\ACTIVANTS64\source\repos\angular2\angular2\src\app\LifeCycleHooks\app.simple.js
C:\Users\ACTIVANTS64\source\repos\angular2\angular2\src\app\LifeCycleHooks\app.simple.js.map
C:\Users\ACTIVANTS64\source\repos\angular2\angular2\src\app\LifeCycleChild\app.lifecycle.js
C:\Users\ACTIVANTS64\source\repos\angular2\angular2\src\app\LifeCycleChild\app.lifecycle.js.map
C:\Users\ACTIVANTS64\source\repos\angular2\angular2\src\app\app.module.js
C:\Users\ACTIVANTS64\source\repos\angular2\angular2\src\app\app.module.js.map
C:\Users\ACTIVANTS64\source\repos\angular2\angular2\src\main.js
C:\Users\ACTIVANTS64\source\repos\angular2\angular2\src\main.js.map
C:\Users\ACTIVANTS64\source\repos\angular2\angular2\src\app\app.component.spec.js
C:\Users\ACTIVANTS64\source\repos\angular2\angular2\src\app\app.component.spec.js.map
